\BOOKMARK [0][]{chapter.1}{Identification}{}% 1
\BOOKMARK [1][]{section.1.1}{PhD student identification}{chapter.1}% 2
\BOOKMARK [1][]{section.1.2}{Laboratory and Supervision}{chapter.1}% 3
\BOOKMARK [1][]{section.1.3}{Subject and Funding}{chapter.1}% 4
\BOOKMARK [0][]{chapter.2}{Professional and Scientific Aspects}{}% 5
\BOOKMARK [1][]{section.2.1}{Courses}{chapter.2}% 6
\BOOKMARK [1][]{section.2.2}{Scientific production}{chapter.2}% 7
\BOOKMARK [1][]{section.2.3}{Research activities}{chapter.2}% 8
\BOOKMARK [0][]{chapter.3}{Thesis Advancement}{}% 9
\BOOKMARK [1][]{section.3.1}{Context and motivation}{chapter.3}% 10
\BOOKMARK [1][]{section.3.2}{Problem statement}{chapter.3}% 11
\BOOKMARK [1][]{section.3.3}{State of the Art}{chapter.3}% 12
\BOOKMARK [2][]{subsection.3.3.1}{Data integration in service-oriented domains}{section.3.3}% 13
\BOOKMARK [2][]{subsection.3.3.2}{Query rewriting approaches}{section.3.3}% 14
\BOOKMARK [2][]{subsection.3.3.3}{Data integration and data quality in the database domain}{section.3.3}% 15
\BOOKMARK [2][]{subsection.3.3.4}{Service level agreements}{section.3.3}% 16
\BOOKMARK [1][]{section.3.4}{Synthesis of the work}{chapter.3}% 17
\BOOKMARK [0][]{appendix.A}{Can Data Integration Quality be Enhanced on Multi-cloud using SLA?}{}% 18
\BOOKMARK [0][]{appendix.B}{Rhone: a quality-based query rewriting algorithm for data integration}{}% 19
\BOOKMARK [0][]{appendix.C}{Towards a Quality Guided Data Integration on Multi-Cloud Settings}{}% 20
\BOOKMARK [0][]{appendix*.2}{Bibliography}{}% 21
